-------------------------------------------------------------------------------
Test set: TestSuite
-------------------------------------------------------------------------------
Tests run: 1, Failures: 1, Errors: 0, Skipped: 0, Time elapsed: 16.468 s <<< FAILURE! - in TestSuite
feature(MyRunner.TestRunner)  Time elapsed: 15.153 s  <<< FAILURE!
cucumber.runtime.CucumberException: java.lang.AssertionError: expected [#1 Free CRM customer relationship management software cloud] but found [Free CRM #1 cloud software for any business large or small]
	at MyRunner.TestRunner.feature(TestRunner.java:38)
Caused by: java.lang.AssertionError: expected [#1 Free CRM customer relationship management software cloud] but found [Free CRM #1 cloud software for any business large or small]

